<?xml version="1.0" encoding="UTF-8"?>
<!-- Generated by org.testng.reporters.JUnitReportReporter -->
<testsuite skipped="0" hostname="DESKTOP-OAJVB1O" name="org.base.TestNg" tests="1" failures="0" timestamp="06 Jan 2024 08:39:53 GMT" time="0.000" errors="0">
  <testcase name="tc04" time="0.000" classname="org.base.TestNg"/>
</testsuite> <!-- org.base.TestNg -->
