<?xml version="1.0" encoding="UTF-8"?>
<!-- Generated by org.testng.reporters.JUnitReportReporter -->
<testsuite skipped="1" hostname="DESKTOP-OAJVB1O" name="org.base.PriorityInvocation" tests="19" failures="0" timestamp="06 Jan 2024 08:47:36 GMT" time="0.066" errors="0">
  <testcase name="tc09" time="0.000" classname="org.base.PriorityInvocation"/>
  <testcase name="tc09" time="0.000" classname="org.base.PriorityInvocation"/>
  <testcase name="tc09" time="0.000" classname="org.base.PriorityInvocation"/>
  <testcase name="tc09" time="0.000" classname="org.base.PriorityInvocation"/>
  <testcase name="tc09" time="0.000" classname="org.base.PriorityInvocation"/>
  <testcase name="tc09" time="0.016" classname="org.base.PriorityInvocation"/>
  <testcase name="tc09" time="0.000" classname="org.base.PriorityInvocation"/>
  <testcase name="tc09" time="0.016" classname="org.base.PriorityInvocation"/>
  <testcase name="tc09" time="0.016" classname="org.base.PriorityInvocation"/>
  <testcase name="tc09" time="0.000" classname="org.base.PriorityInvocation"/>
  <testcase name="tc09" time="0.000" classname="org.base.PriorityInvocation"/>
  <testcase name="tc09" time="0.000" classname="org.base.PriorityInvocation"/>
  <testcase name="tc09" time="0.000" classname="org.base.PriorityInvocation"/>
  <testcase name="tc09" time="0.003" classname="org.base.PriorityInvocation"/>
  <testcase name="tc09" time="0.000" classname="org.base.PriorityInvocation"/>
  <testcase name="tc06" time="0.000" classname="org.base.PriorityInvocation"/>
  <testcase name="tc04" time="0.015" classname="org.base.PriorityInvocation"/>
  <testcase name="tc01" time="0.000" classname="org.base.PriorityInvocation"/>
  <testcase name="tc05" classname="org.base.PriorityInvocation">
    <skipped/>
  </testcase> <!-- tc05 -->
</testsuite> <!-- org.base.PriorityInvocation -->
