<?xml version="1.0" encoding="UTF-8"?>
<!-- Generated by org.testng.reporters.JUnitReportReporter -->
<testsuite skipped="0" hostname="DESKTOP-OAJVB1O" name="org.base.DataProDiff" tests="3" failures="0" timestamp="06 Jan 2024 09:18:52 GMT" time="12.787" errors="0">
  <testcase name="tc01" time="4.899" classname="org.base.DataProDiff"/>
  <testcase name="tc01" time="4.001" classname="org.base.DataProDiff"/>
  <testcase name="tc01" time="3.887" classname="org.base.DataProDiff"/>
</testsuite> <!-- org.base.DataProDiff -->
